<?xml version="1.0" encoding="UTF-8"?>
<testng-results skipped="0" failed="0" ignored="0" total="6" passed="6">
  <reporter-output>
  </reporter-output>
  <suite name="Surefire suite" duration-ms="46" started-at="2020-03-30T20:16:12Z" finished-at="2020-03-30T20:16:12Z">
    <groups>
    </groups>
    <test name="Surefire test" duration-ms="46" started-at="2020-03-30T20:16:12Z" finished-at="2020-03-30T20:16:12Z">
      <class name="qaclickacademy.AppiumTest">
        <test-method status="PASS" signature="IOSApp()[pri:0, instance:qaclickacademy.AppiumTest@735f7ae5]" name="IOSApp" duration-ms="8" started-at="2020-03-30T16:16:12Z" finished-at="2020-03-30T16:16:12Z">
          <reporter-output>
          </reporter-output>
        </test-method> <!-- IOSApp -->
        <test-method status="PASS" signature="NativeAppAndroid()[pri:0, instance:qaclickacademy.AppiumTest@735f7ae5]" name="NativeAppAndroid" duration-ms="0" started-at="2020-03-30T16:16:12Z" finished-at="2020-03-30T16:16:12Z">
          <reporter-output>
          </reporter-output>
        </test-method> <!-- NativeAppAndroid -->
      </class> <!-- qaclickacademy.AppiumTest -->
      <class name="qaclickacademy.RESTAPITest">
        <test-method status="PASS" signature="postJira()[pri:0, instance:qaclickacademy.RESTAPITest@2c6a3f77]" name="postJira" duration-ms="1" started-at="2020-03-30T16:16:12Z" finished-at="2020-03-30T16:16:12Z">
          <reporter-output>
          </reporter-output>
        </test-method> <!-- postJira -->
        <test-method status="PASS" signature="deteteTwitter()[pri:0, instance:qaclickacademy.RESTAPITest@2c6a3f77]" name="deteteTwitter" duration-ms="0" started-at="2020-03-30T16:16:12Z" finished-at="2020-03-30T16:16:12Z">
          <reporter-output>
          </reporter-output>
        </test-method> <!-- deteteTwitter -->
      </class> <!-- qaclickacademy.RESTAPITest -->
      <class name="qaclickacademy.SeleniumTest">
        <test-method status="PASS" signature="BrowserAutomation()[pri:0, instance:qaclickacademy.SeleniumTest@246ae04d]" name="BrowserAutomation" duration-ms="0" started-at="2020-03-30T16:16:12Z" finished-at="2020-03-30T16:16:12Z">
          <reporter-output>
          </reporter-output>
        </test-method> <!-- BrowserAutomation -->
        <test-method status="PASS" signature="elementsUI()[pri:0, instance:qaclickacademy.SeleniumTest@246ae04d]" name="elementsUI" duration-ms="1" started-at="2020-03-30T16:16:12Z" finished-at="2020-03-30T16:16:12Z">
          <reporter-output>
          </reporter-output>
        </test-method> <!-- elementsUI -->
      </class> <!-- qaclickacademy.SeleniumTest -->
    </test> <!-- Surefire test -->
  </suite> <!-- Surefire suite -->
</testng-results>
